<?xml version="1.0" encoding="UTF-8"?>
<testng-results ignored="0" total="1" passed="1" failed="0" skipped="0">
  <reporter-output>
  </reporter-output>
  <suite started-at="2025-04-01T11:26:25 IST" name="Suite" finished-at="2025-04-01T11:26:37 IST" duration-ms="11491">
    <groups>
    </groups>
    <test started-at="2025-04-01T11:26:25 IST" name="Test" finished-at="2025-04-01T11:26:37 IST" duration-ms="11491">
      <class name="TestScript.LoginTest">
        <test-method is-config="true" signature="browserInitilazation(java.lang.String)[pri:0, instance:TestScript.LoginTest@7eecb5b8]" started-at="2025-04-01T11:26:25 IST" name="browserInitilazation" finished-at="2025-04-01T11:26:33 IST" duration-ms="7805" status="PASS">
          <params>
            <param index="0">
              <value>
                <![CDATA[chrome]]>
              </value>
            </param>
          </params>
          <reporter-output>
          </reporter-output>
        </test-method> <!-- browserInitilazation -->
        <test-method signature="verifyTheUserIsAbleToLoginUsingValidCredentials()[pri:0, instance:TestScript.LoginTest@7eecb5b8]" started-at="2025-04-01T11:26:33 IST" name="verifyTheUserIsAbleToLoginUsingValidCredentials" finished-at="2025-04-01T11:26:37 IST" duration-ms="3489" status="PASS">
          <reporter-output>
          </reporter-output>
        </test-method> <!-- verifyTheUserIsAbleToLoginUsingValidCredentials -->
        <test-method is-config="true" signature="browserQuit(org.testng.ITestResult)[pri:0, instance:TestScript.LoginTest@7eecb5b8]" started-at="2025-04-01T11:26:37 IST" name="browserQuit" finished-at="2025-04-01T11:26:37 IST" duration-ms="39" status="PASS">
          <params>
            <param index="0">
              <value>
                <![CDATA[[TestResult name=verifyTheUserIsAbleToLoginUsingValidCredentials status=SUCCESS method=LoginTest.verifyTheUserIsAbleToLoginUsingValidCredentials()[pri:0, instance:TestScript.LoginTest@7eecb5b8] output={null}]]]>
              </value>
            </param>
          </params>
          <reporter-output>
          </reporter-output>
        </test-method> <!-- browserQuit -->
      </class> <!-- TestScript.LoginTest -->
    </test> <!-- Test -->
  </suite> <!-- Suite -->
</testng-results>
